<?xml version="1.0" encoding="UTF-8"?>
<testsuite name="com.turbopremios.auth.service.AuthServiceTest" tests="4" skipped="0" failures="0" errors="0" timestamp="2026-06-02T15:17:57" hostname="MacBook-Pro-de-Augusto.local" time="2.304">
  <properties/>
  <testcase name="login should throw UnauthorizedException when credentials are invalid()" classname="com.turbopremios.auth.service.AuthServiceTest" time="1.479"/>
  <testcase name="register should throw ConflictException when email already exists()" classname="com.turbopremios.auth.service.AuthServiceTest" time="0.471"/>
  <testcase name="login should return auth response when credentials are valid()" classname="com.turbopremios.auth.service.AuthServiceTest" time="0.196"/>
  <testcase name="register should create user and return auth response()" classname="com.turbopremios.auth.service.AuthServiceTest" time="0.15"/>
  <system-out><![CDATA[11:17:59.195 [Test worker] INFO com.turbopremios.auth.service.AuthService -- User logged in: test@test.com
11:17:59.366 [Test worker] INFO com.turbopremios.auth.service.AuthService -- New user registered: new@test.com
]]></system-out>
  <system-err><![CDATA[]]></system-err>
</testsuite>
